<?xml version="1.0" encoding="UTF-8"?>
<coverage generated="1629202623">
  <project timestamp="1629202623">
    <file name="/srv/api/src/Controller/UserController.php">
      <class name="App\Controller\UserController" namespace="global">
        <metrics complexity="2" methods="2" coveredmethods="0" conditionals="0" coveredconditionals="0" statements="2" coveredstatements="0" elements="4" coveredelements="0"/>
      </class>
      <line num="24" type="method" name="login" visibility="public" complexity="1" crap="2" count="0"/>
      <line num="26" type="stmt" count="0"/>
      <line num="33" type="method" name="logout" visibility="public" complexity="1" crap="2" count="0"/>
      <line num="35" type="stmt" count="0"/>
      <metrics loc="37" ncloc="25" classes="1" methods="2" coveredmethods="0" conditionals="0" coveredconditionals="0" statements="2" coveredstatements="0" elements="4" coveredelements="0"/>
    </file>
    <file name="/srv/api/src/DataFixtures/AppFixtures.php">
      <class name="App\DataFixtures\AppFixtures" namespace="global">
        <metrics complexity="3" methods="2" coveredmethods="0" conditionals="0" coveredconditionals="0" statements="7" coveredstatements="0" elements="9" coveredelements="0"/>
      </class>
      <line num="15" type="method" name="__construct" visibility="public" complexity="1" crap="2" count="0"/>
      <line num="17" type="stmt" count="0"/>
      <line num="18" type="stmt" count="0"/>
      <line num="19" type="stmt" count="0"/>
      <line num="21" type="method" name="load" visibility="public" complexity="2" crap="6" count="0"/>
      <line num="24" type="stmt" count="0"/>
      <line num="25" type="stmt" count="0"/>
      <line num="28" type="stmt" count="0"/>
      <line num="29" type="stmt" count="0"/>
      <metrics loc="30" ncloc="29" classes="1" methods="2" coveredmethods="0" conditionals="0" coveredconditionals="0" statements="7" coveredstatements="0" elements="9" coveredelements="0"/>
    </file>
    <file name="/srv/api/src/Entity/Aspect.php">
      <class name="App\Entity\Aspect" namespace="global">
        <metrics complexity="26" methods="23" coveredmethods="0" conditionals="0" coveredconditionals="0" statements="40" coveredstatements="0" elements="63" coveredelements="0"/>
      </class>
      <line num="179" type="method" name="__construct" visibility="public" complexity="1" crap="2" count="0"/>
      <line num="181" type="stmt" count="0"/>
      <line num="182" type="stmt" count="0"/>
      <line num="184" type="method" name="getId" visibility="public" complexity="1" crap="2" count="0"/>
      <line num="186" type="stmt" count="0"/>
      <line num="189" type="method" name="getOrganization" visibility="public" complexity="1" crap="2" count="0"/>
      <line num="191" type="stmt" count="0"/>
      <line num="194" type="method" name="setOrganization" visibility="public" complexity="1" crap="2" count="0"/>
      <line num="196" type="stmt" count="0"/>
      <line num="198" type="stmt" count="0"/>
      <line num="201" type="method" name="getItemType" visibility="public" complexity="1" crap="2" count="0"/>
      <line num="203" type="stmt" count="0"/>
      <line num="206" type="method" name="setItemType" visibility="public" complexity="1" crap="2" count="0"/>
      <line num="208" type="stmt" count="0"/>
      <line num="210" type="stmt" count="0"/>
      <line num="213" type="method" name="getItem" visibility="public" complexity="1" crap="2" count="0"/>
      <line num="215" type="stmt" count="0"/>
      <line num="218" type="method" name="setItem" visibility="public" complexity="1" crap="2" count="0"/>
      <line num="220" type="stmt" count="0"/>
      <line num="222" type="stmt" count="0"/>
      <line num="225" type="method" name="getBestRating" visibility="public" complexity="1" crap="2" count="0"/>
      <line num="227" type="stmt" count="0"/>
      <line num="230" type="method" name="setBestRating" visibility="public" complexity="1" crap="2" count="0"/>
      <line num="232" type="stmt" count="0"/>
      <line num="234" type="stmt" count="0"/>
      <line num="237" type="method" name="getWorstRating" visibility="public" complexity="1" crap="2" count="0"/>
      <line num="239" type="stmt" count="0"/>
      <line num="242" type="method" name="setWorstRating" visibility="public" complexity="1" crap="2" count="0"/>
      <line num="244" type="stmt" count="0"/>
      <line num="246" type="stmt" count="0"/>
      <line num="249" type="method" name="getName" visibility="public" complexity="1" crap="2" count="0"/>
      <line num="251" type="stmt" count="0"/>
      <line num="254" type="method" name="setName" visibility="public" complexity="1" crap="2" count="0"/>
      <line num="256" type="stmt" count="0"/>
      <line num="258" type="stmt" count="0"/>
      <line num="261" type="method" name="getDescription" visibility="public" complexity="1" crap="2" count="0"/>
      <line num="263" type="stmt" count="0"/>
      <line num="266" type="method" name="setDescription" visibility="public" complexity="1" crap="2" count="0"/>
      <line num="268" type="stmt" count="0"/>
      <line num="270" type="stmt" count="0"/>
      <line num="276" type="method" name="getRatings" visibility="public" complexity="1" crap="2" count="0"/>
      <line num="278" type="stmt" count="0"/>
      <line num="281" type="method" name="addRating" visibility="public" complexity="2" crap="6" count="0"/>
      <line num="283" type="stmt" count="0"/>
      <line num="284" type="stmt" count="0"/>
      <line num="285" type="stmt" count="0"/>
      <line num="288" type="stmt" count="0"/>
      <line num="291" type="method" name="removeRating" visibility="public" complexity="3" crap="12" count="0"/>
      <line num="293" type="stmt" count="0"/>
      <line num="294" type="stmt" count="0"/>
      <line num="296" type="stmt" count="0"/>
      <line num="297" type="stmt" count="0"/>
      <line num="301" type="stmt" count="0"/>
      <line num="304" type="method" name="getDateCreated" visibility="public" complexity="1" crap="2" count="0"/>
      <line num="306" type="stmt" count="0"/>
      <line num="309" type="method" name="setDateCreated" visibility="public" complexity="1" crap="2" count="0"/>
      <line num="311" type="stmt" count="0"/>
      <line num="313" type="stmt" count="0"/>
      <line num="316" type="method" name="getDateModified" visibility="public" complexity="1" crap="2" count="0"/>
      <line num="318" type="stmt" count="0"/>
      <line num="321" type="method" name="setDateModified" visibility="public" complexity="1" crap="2" count="0"/>
      <line num="323" type="stmt" count="0"/>
      <line num="325" type="stmt" count="0"/>
      <metrics loc="327" ncloc="187" classes="1" methods="23" coveredmethods="0" conditionals="0" coveredconditionals="0" statements="40" coveredstatements="0" elements="63" coveredelements="0"/>
    </file>
    <file name="/srv/api/src/Entity/Like.php">
      <class name="App\Entity\Like" namespace="global">
        <metrics complexity="12" methods="12" coveredmethods="0" conditionals="0" coveredconditionals="0" statements="17" coveredstatements="0" elements="29" coveredelements="0"/>
      </class>
      <line num="128" type="method" name="getId" visibility="public" complexity="1" crap="2" count="0"/>
      <line num="130" type="stmt" count="0"/>
      <line num="133" type="method" name="getCreatedAt" visibility="public" complexity="1" crap="2" count="0"/>
      <line num="135" type="stmt" count="0"/>
      <line num="138" type="method" name="getOrganization" visibility="public" complexity="1" crap="2" count="0"/>
      <line num="140" type="stmt" count="0"/>
      <line num="143" type="method" name="setOrganization" visibility="public" complexity="1" crap="2" count="0"/>
      <line num="145" type="stmt" count="0"/>
      <line num="147" type="stmt" count="0"/>
      <line num="150" type="method" name="getResource" visibility="public" complexity="1" crap="2" count="0"/>
      <line num="152" type="stmt" count="0"/>
      <line num="155" type="method" name="setResource" visibility="public" complexity="1" crap="2" count="0"/>
      <line num="157" type="stmt" count="0"/>
      <line num="159" type="stmt" count="0"/>
      <line num="162" type="method" name="getAuthor" visibility="public" complexity="1" crap="2" count="0"/>
      <line num="164" type="stmt" count="0"/>
      <line num="167" type="method" name="setAuthor" visibility="public" complexity="1" crap="2" count="0"/>
      <line num="169" type="stmt" count="0"/>
      <line num="171" type="stmt" count="0"/>
      <line num="174" type="method" name="getDateCreated" visibility="public" complexity="1" crap="2" count="0"/>
      <line num="176" type="stmt" count="0"/>
      <line num="179" type="method" name="setDateCreated" visibility="public" complexity="1" crap="2" count="0"/>
      <line num="181" type="stmt" count="0"/>
      <line num="183" type="stmt" count="0"/>
      <line num="186" type="method" name="getDateModified" visibility="public" complexity="1" crap="2" count="0"/>
      <line num="188" type="stmt" count="0"/>
      <line num="191" type="method" name="setDateModified" visibility="public" complexity="1" crap="2" count="0"/>
      <line num="193" type="stmt" count="0"/>
      <line num="195" type="stmt" count="0"/>
      <metrics loc="197" ncloc="99" classes="1" methods="12" coveredmethods="0" conditionals="0" coveredconditionals="0" statements="17" coveredstatements="0" elements="29" coveredelements="0"/>
    </file>
    <file name="/srv/api/src/Entity/Rating.php">
      <class name="App\Entity\Rating" namespace="global">
        <metrics complexity="16" methods="16" coveredmethods="0" conditionals="0" coveredconditionals="0" statements="22" coveredstatements="0" elements="38" coveredelements="0"/>
      </class>
      <line num="160" type="method" name="getId" visibility="public" complexity="1" crap="2" count="0"/>
      <line num="162" type="stmt" count="0"/>
      <line num="165" type="method" name="getReview" visibility="public" complexity="1" crap="2" count="0"/>
      <line num="167" type="stmt" count="0"/>
      <line num="170" type="method" name="setReview" visibility="public" complexity="1" crap="2" count="0"/>
      <line num="172" type="stmt" count="0"/>
      <line num="174" type="stmt" count="0"/>
      <line num="177" type="method" name="getAuthor" visibility="public" complexity="1" crap="2" count="0"/>
      <line num="179" type="stmt" count="0"/>
      <line num="182" type="method" name="getBestRating" visibility="public" complexity="1" crap="2" count="0"/>
      <line num="184" type="stmt" count="0"/>
      <line num="187" type="method" name="getWorstRating" visibility="public" complexity="1" crap="2" count="0"/>
      <line num="189" type="stmt" count="0"/>
      <line num="192" type="method" name="getRatingValue" visibility="public" complexity="1" crap="2" count="0"/>
      <line num="194" type="stmt" count="0"/>
      <line num="197" type="method" name="setRatingValue" visibility="public" complexity="1" crap="2" count="0"/>
      <line num="199" type="stmt" count="0"/>
      <line num="201" type="stmt" count="0"/>
      <line num="204" type="method" name="getRatingExplanation" visibility="public" complexity="1" crap="2" count="0"/>
      <line num="206" type="stmt" count="0"/>
      <line num="209" type="method" name="setRatingExplanation" visibility="public" complexity="1" crap="2" count="0"/>
      <line num="211" type="stmt" count="0"/>
      <line num="213" type="stmt" count="0"/>
      <line num="216" type="method" name="getReviewAspect" visibility="public" complexity="1" crap="2" count="0"/>
      <line num="218" type="stmt" count="0"/>
      <line num="221" type="method" name="setReviewAspect" visibility="public" complexity="1" crap="2" count="0"/>
      <line num="223" type="stmt" count="0"/>
      <line num="225" type="stmt" count="0"/>
      <line num="228" type="method" name="getDateCreated" visibility="public" complexity="1" crap="2" count="0"/>
      <line num="230" type="stmt" count="0"/>
      <line num="233" type="method" name="setDateCreated" visibility="public" complexity="1" crap="2" count="0"/>
      <line num="235" type="stmt" count="0"/>
      <line num="237" type="stmt" count="0"/>
      <line num="240" type="method" name="getDateModified" visibility="public" complexity="1" crap="2" count="0"/>
      <line num="242" type="stmt" count="0"/>
      <line num="245" type="method" name="setDateModified" visibility="public" complexity="1" crap="2" count="0"/>
      <line num="247" type="stmt" count="0"/>
      <line num="249" type="stmt" count="0"/>
      <metrics loc="251" ncloc="130" classes="1" methods="16" coveredmethods="0" conditionals="0" coveredconditionals="0" statements="22" coveredstatements="0" elements="38" coveredelements="0"/>
    </file>
    <file name="/srv/api/src/Entity/Review.php">
      <class name="App\Entity\Review" namespace="global">
        <metrics complexity="25" methods="20" coveredmethods="0" conditionals="0" coveredconditionals="0" statements="41" coveredstatements="0" elements="61" coveredelements="0"/>
      </class>
      <line num="165" type="method" name="__construct" visibility="public" complexity="1" crap="2" count="0"/>
      <line num="167" type="stmt" count="0"/>
      <line num="168" type="stmt" count="0"/>
      <line num="170" type="method" name="getId" visibility="public" complexity="1" crap="2" count="0"/>
      <line num="172" type="stmt" count="0"/>
      <line num="175" type="method" name="getReview" visibility="public" complexity="1" crap="2" count="0"/>
      <line num="177" type="stmt" count="0"/>
      <line num="180" type="method" name="setReview" visibility="public" complexity="1" crap="2" count="0"/>
      <line num="182" type="stmt" count="0"/>
      <line num="184" type="stmt" count="0"/>
      <line num="187" type="method" name="getOrganization" visibility="public" complexity="1" crap="2" count="0"/>
      <line num="189" type="stmt" count="0"/>
      <line num="192" type="method" name="setOrganization" visibility="public" complexity="1" crap="2" count="0"/>
      <line num="194" type="stmt" count="0"/>
      <line num="196" type="stmt" count="0"/>
      <line num="199" type="method" name="getResource" visibility="public" complexity="1" crap="2" count="0"/>
      <line num="201" type="stmt" count="0"/>
      <line num="204" type="method" name="setResource" visibility="public" complexity="1" crap="2" count="0"/>
      <line num="206" type="stmt" count="0"/>
      <line num="208" type="stmt" count="0"/>
      <line num="211" type="method" name="getAuthor" visibility="public" complexity="1" crap="2" count="0"/>
      <line num="213" type="stmt" count="0"/>
      <line num="216" type="method" name="setAuthor" visibility="public" complexity="1" crap="2" count="0"/>
      <line num="218" type="stmt" count="0"/>
      <line num="220" type="stmt" count="0"/>
      <line num="223" type="method" name="getRating" visibility="public" complexity="1" crap="2" count="0"/>
      <line num="225" type="stmt" count="0"/>
      <line num="228" type="method" name="setRating" visibility="public" complexity="1" crap="2" count="0"/>
      <line num="230" type="stmt" count="0"/>
      <line num="232" type="stmt" count="0"/>
      <line num="238" type="method" name="getRatings" visibility="public" complexity="1" crap="2" count="0"/>
      <line num="240" type="stmt" count="0"/>
      <line num="243" type="method" name="addRating" visibility="public" complexity="2" crap="6" count="0"/>
      <line num="245" type="stmt" count="0"/>
      <line num="246" type="stmt" count="0"/>
      <line num="247" type="stmt" count="0"/>
      <line num="250" type="stmt" count="0"/>
      <line num="253" type="method" name="removeRating" visibility="public" complexity="3" crap="12" count="0"/>
      <line num="255" type="stmt" count="0"/>
      <line num="256" type="stmt" count="0"/>
      <line num="258" type="stmt" count="0"/>
      <line num="259" type="stmt" count="0"/>
      <line num="263" type="stmt" count="0"/>
      <line num="266" type="method" name="getAggregateRating" visibility="public" complexity="3" crap="12" count="0"/>
      <line num="269" type="stmt" count="0"/>
      <line num="270" type="stmt" count="0"/>
      <line num="271" type="stmt" count="0"/>
      <line num="273" type="stmt" count="0"/>
      <line num="275" type="stmt" count="0"/>
      <line num="277" type="stmt" count="0"/>
      <line num="280" type="stmt" count="0"/>
      <line num="283" type="method" name="getDateCreated" visibility="public" complexity="1" crap="2" count="0"/>
      <line num="285" type="stmt" count="0"/>
      <line num="288" type="method" name="setDateCreated" visibility="public" complexity="1" crap="2" count="0"/>
      <line num="290" type="stmt" count="0"/>
      <line num="292" type="stmt" count="0"/>
      <line num="295" type="method" name="getDateModified" visibility="public" complexity="1" crap="2" count="0"/>
      <line num="297" type="stmt" count="0"/>
      <line num="300" type="method" name="setDateModified" visibility="public" complexity="1" crap="2" count="0"/>
      <line num="302" type="stmt" count="0"/>
      <line num="304" type="stmt" count="0"/>
      <metrics loc="306" ncloc="173" classes="1" methods="20" coveredmethods="0" conditionals="0" coveredconditionals="0" statements="41" coveredstatements="0" elements="61" coveredelements="0"/>
    </file>
    <file name="/srv/api/src/Entity/Total.php">
      <class name="App\Entity\Total" namespace="global">
        <metrics complexity="11" methods="11" coveredmethods="0" conditionals="0" coveredconditionals="0" statements="16" coveredstatements="0" elements="27" coveredelements="0"/>
      </class>
      <line num="80" type="method" name="getId" visibility="public" complexity="1" crap="2" count="0"/>
      <line num="82" type="stmt" count="0"/>
      <line num="85" type="method" name="getOrganization" visibility="public" complexity="1" crap="2" count="0"/>
      <line num="87" type="stmt" count="0"/>
      <line num="90" type="method" name="setOrganization" visibility="public" complexity="1" crap="2" count="0"/>
      <line num="92" type="stmt" count="0"/>
      <line num="94" type="stmt" count="0"/>
      <line num="97" type="method" name="getResource" visibility="public" complexity="1" crap="2" count="0"/>
      <line num="99" type="stmt" count="0"/>
      <line num="102" type="method" name="setResource" visibility="public" complexity="1" crap="2" count="0"/>
      <line num="104" type="stmt" count="0"/>
      <line num="106" type="stmt" count="0"/>
      <line num="109" type="method" name="getRating" visibility="public" complexity="1" crap="2" count="0"/>
      <line num="111" type="stmt" count="0"/>
      <line num="114" type="method" name="setRating" visibility="public" complexity="1" crap="2" count="0"/>
      <line num="116" type="stmt" count="0"/>
      <line num="118" type="stmt" count="0"/>
      <line num="121" type="method" name="getLikes" visibility="public" complexity="1" crap="2" count="0"/>
      <line num="123" type="stmt" count="0"/>
      <line num="126" type="method" name="setLikes" visibility="public" complexity="1" crap="2" count="0"/>
      <line num="128" type="stmt" count="0"/>
      <line num="130" type="stmt" count="0"/>
      <line num="133" type="method" name="getReviews" visibility="public" complexity="1" crap="2" count="0"/>
      <line num="135" type="stmt" count="0"/>
      <line num="138" type="method" name="setReviews" visibility="public" complexity="1" crap="2" count="0"/>
      <line num="140" type="stmt" count="0"/>
      <line num="142" type="stmt" count="0"/>
      <metrics loc="144" ncloc="89" classes="1" methods="11" coveredmethods="0" conditionals="0" coveredconditionals="0" statements="16" coveredstatements="0" elements="27" coveredelements="0"/>
    </file>
    <file name="/srv/api/src/Kernel.php">
      <class name="App\Kernel" namespace="global">
        <metrics complexity="6" methods="4" coveredmethods="0" conditionals="0" coveredconditionals="0" statements="20" coveredstatements="0" elements="24" coveredelements="0"/>
      </class>
      <line num="18" type="method" name="registerBundles" visibility="public" complexity="3" crap="12" count="0"/>
      <line num="20" type="stmt" count="0"/>
      <line num="21" type="stmt" count="0"/>
      <line num="22" type="stmt" count="0"/>
      <line num="23" type="stmt" count="0"/>
      <line num="26" type="stmt" count="0"/>
      <line num="28" type="method" name="getProjectDir" visibility="public" complexity="1" crap="2" count="0"/>
      <line num="30" type="stmt" count="0"/>
      <line num="33" type="method" name="configureContainer" visibility="protected" complexity="1" crap="2" count="0"/>
      <line num="35" type="stmt" count="0"/>
      <line num="36" type="stmt" count="0"/>
      <line num="37" type="stmt" count="0"/>
      <line num="39" type="stmt" count="0"/>
      <line num="40" type="stmt" count="0"/>
      <line num="41" type="stmt" count="0"/>
      <line num="42" type="stmt" count="0"/>
      <line num="43" type="stmt" count="0"/>
      <line num="45" type="method" name="configureRoutes" visibility="protected" complexity="1" crap="2" count="0"/>
      <line num="47" type="stmt" count="0"/>
      <line num="49" type="stmt" count="0"/>
      <line num="50" type="stmt" count="0"/>
      <line num="51" type="stmt" count="0"/>
      <line num="52" type="stmt" count="0"/>
      <metrics loc="53" ncloc="53" classes="1" methods="4" coveredmethods="0" conditionals="0" coveredconditionals="0" statements="20" coveredstatements="0" elements="24" coveredelements="0"/>
    </file>
    <file name="/srv/api/src/Repository/AspectRepository.php">
      <class name="App\Repository\AspectRepository" namespace="global">
        <metrics complexity="1" methods="1" coveredmethods="0" conditionals="0" coveredconditionals="0" statements="2" coveredstatements="0" elements="3" coveredelements="0"/>
      </class>
      <line num="17" type="method" name="__construct" visibility="public" complexity="1" crap="2" count="0"/>
      <line num="19" type="stmt" count="0"/>
      <line num="20" type="stmt" count="0"/>
      <metrics loc="50" ncloc="17" classes="1" methods="1" coveredmethods="0" conditionals="0" coveredconditionals="0" statements="2" coveredstatements="0" elements="3" coveredelements="0"/>
    </file>
    <file name="/srv/api/src/Repository/LikeRepository.php">
      <class name="App\Repository\LikeRepository" namespace="global">
        <metrics complexity="8" methods="3" coveredmethods="0" conditionals="0" coveredconditionals="0" statements="24" coveredstatements="0" elements="27" coveredelements="0"/>
      </class>
      <line num="17" type="method" name="__construct" visibility="public" complexity="1" crap="2" count="0"/>
      <line num="19" type="stmt" count="0"/>
      <line num="20" type="stmt" count="0"/>
      <line num="22" type="method" name="calculateLikes" visibility="public" complexity="2" crap="6" count="0"/>
      <line num="24" type="stmt" count="0"/>
      <line num="25" type="stmt" count="0"/>
      <line num="26" type="stmt" count="0"/>
      <line num="27" type="stmt" count="0"/>
      <line num="29" type="stmt" count="0"/>
      <line num="31" type="stmt" count="0"/>
      <line num="32" type="stmt" count="0"/>
      <line num="35" type="stmt" count="0"/>
      <line num="38" type="method" name="checkLiked" visibility="public" complexity="5" crap="30" count="0"/>
      <line num="40" type="stmt" count="0"/>
      <line num="41" type="stmt" count="0"/>
      <line num="42" type="stmt" count="0"/>
      <line num="43" type="stmt" count="0"/>
      <line num="44" type="stmt" count="0"/>
      <line num="45" type="stmt" count="0"/>
      <line num="46" type="stmt" count="0"/>
      <line num="48" type="stmt" count="0"/>
      <line num="50" type="stmt" count="0"/>
      <line num="51" type="stmt" count="0"/>
      <line num="54" type="stmt" count="0"/>
      <line num="56" type="stmt" count="0"/>
      <line num="57" type="stmt" count="0"/>
      <line num="61" type="stmt" count="0"/>
      <metrics loc="63" ncloc="57" classes="1" methods="3" coveredmethods="0" conditionals="0" coveredconditionals="0" statements="24" coveredstatements="0" elements="27" coveredelements="0"/>
    </file>
    <file name="/srv/api/src/Repository/RatingRepository.php">
      <class name="App\Repository\RatingRepository" namespace="global">
        <metrics complexity="1" methods="1" coveredmethods="0" conditionals="0" coveredconditionals="0" statements="2" coveredstatements="0" elements="3" coveredelements="0"/>
      </class>
      <line num="17" type="method" name="__construct" visibility="public" complexity="1" crap="2" count="0"/>
      <line num="19" type="stmt" count="0"/>
      <line num="20" type="stmt" count="0"/>
      <metrics loc="50" ncloc="17" classes="1" methods="1" coveredmethods="0" conditionals="0" coveredconditionals="0" statements="2" coveredstatements="0" elements="3" coveredelements="0"/>
    </file>
    <file name="/srv/api/src/Repository/ReviewRepository.php">
      <class name="App\Repository\ReviewRepository" namespace="global">
        <metrics complexity="5" methods="3" coveredmethods="0" conditionals="0" coveredconditionals="0" statements="18" coveredstatements="0" elements="21" coveredelements="0"/>
      </class>
      <line num="17" type="method" name="__construct" visibility="public" complexity="1" crap="2" count="0"/>
      <line num="19" type="stmt" count="0"/>
      <line num="20" type="stmt" count="0"/>
      <line num="22" type="method" name="calculateRating" visibility="public" complexity="2" crap="6" count="0"/>
      <line num="24" type="stmt" count="0"/>
      <line num="25" type="stmt" count="0"/>
      <line num="26" type="stmt" count="0"/>
      <line num="27" type="stmt" count="0"/>
      <line num="29" type="stmt" count="0"/>
      <line num="31" type="stmt" count="0"/>
      <line num="32" type="stmt" count="0"/>
      <line num="35" type="stmt" count="0"/>
      <line num="38" type="method" name="calculateReviews" visibility="public" complexity="2" crap="6" count="0"/>
      <line num="40" type="stmt" count="0"/>
      <line num="41" type="stmt" count="0"/>
      <line num="42" type="stmt" count="0"/>
      <line num="43" type="stmt" count="0"/>
      <line num="45" type="stmt" count="0"/>
      <line num="47" type="stmt" count="0"/>
      <line num="48" type="stmt" count="0"/>
      <line num="51" type="stmt" count="0"/>
      <metrics loc="82" ncloc="49" classes="1" methods="3" coveredmethods="0" conditionals="0" coveredconditionals="0" statements="18" coveredstatements="0" elements="21" coveredelements="0"/>
    </file>
    <file name="/srv/api/src/Subscriber/TotalSubscriber.php">
      <class name="App\Subscriber\TotalSubscriber" namespace="global">
        <metrics complexity="9" methods="3" coveredmethods="0" conditionals="0" coveredconditionals="0" statements="46" coveredstatements="0" elements="49" coveredelements="0"/>
      </class>
      <line num="18" type="method" name="__construct" visibility="public" complexity="1" crap="2" count="0"/>
      <line num="20" type="stmt" count="0"/>
      <line num="21" type="stmt" count="0"/>
      <line num="22" type="stmt" count="0"/>
      <line num="24" type="method" name="getSubscribedEvents" visibility="public" complexity="1" crap="2" count="0"/>
      <line num="27" type="stmt" count="0"/>
      <line num="40" type="method" name="calculateTotal" visibility="public" complexity="7" crap="56" count="0"/>
      <line num="42" type="stmt" count="0"/>
      <line num="43" type="stmt" count="0"/>
      <line num="44" type="stmt" count="0"/>
      <line num="45" type="stmt" count="0"/>
      <line num="46" type="stmt" count="0"/>
      <line num="47" type="stmt" count="0"/>
      <line num="48" type="stmt" count="0"/>
      <line num="49" type="stmt" count="0"/>
      <line num="53" type="stmt" count="0"/>
      <line num="54" type="stmt" count="0"/>
      <line num="57" type="stmt" count="0"/>
      <line num="58" type="stmt" count="0"/>
      <line num="59" type="stmt" count="0"/>
      <line num="60" type="stmt" count="0"/>
      <line num="62" type="stmt" count="0"/>
      <line num="63" type="stmt" count="0"/>
      <line num="64" type="stmt" count="0"/>
      <line num="65" type="stmt" count="0"/>
      <line num="66" type="stmt" count="0"/>
      <line num="67" type="stmt" count="0"/>
      <line num="68" type="stmt" count="0"/>
      <line num="69" type="stmt" count="0"/>
      <line num="70" type="stmt" count="0"/>
      <line num="71" type="stmt" count="0"/>
      <line num="73" type="stmt" count="0"/>
      <line num="74" type="stmt" count="0"/>
      <line num="78" type="stmt" count="0"/>
      <line num="79" type="stmt" count="0"/>
      <line num="80" type="stmt" count="0"/>
      <line num="81" type="stmt" count="0"/>
      <line num="82" type="stmt" count="0"/>
      <line num="83" type="stmt" count="0"/>
      <line num="84" type="stmt" count="0"/>
      <line num="87" type="stmt" count="0"/>
      <line num="88" type="stmt" count="0"/>
      <line num="90" type="stmt" count="0"/>
      <line num="93" type="stmt" count="0"/>
      <line num="94" type="stmt" count="0"/>
      <line num="95" type="stmt" count="0"/>
      <line num="96" type="stmt" count="0"/>
      <line num="99" type="stmt" count="0"/>
      <line num="101" type="stmt" count="0"/>
      <metrics loc="103" ncloc="93" classes="1" methods="3" coveredmethods="0" conditionals="0" coveredconditionals="0" statements="46" coveredstatements="0" elements="49" coveredelements="0"/>
    </file>
    <metrics files="13" loc="1693" ncloc="1018" classes="13" methods="101" coveredmethods="0" conditionals="0" coveredconditionals="0" statements="257" coveredstatements="0" elements="358" coveredelements="0"/>
  </project>
</coverage>
